2020-10-09 11:22:09 INFO  3460200: Madalena
2020-10-09 11:22:09 INFO  max temp for today: 26.1
2020-10-09 11:22:09 INFO  min temp for today: 18.3
2020-10-09 11:22:09 INFO  wind direction: S
2020-10-09 11:22:09 INFO  weather type: 3
2020-10-09 11:22:09 INFO  classified wind speed: 1
2020-10-09 11:22:09 INFO  longitude: -28.5237
2020-10-09 11:22:09 INFO  latitude: 38.5325
2020-10-09 11:22:09 INFO  precipitation probability: 37.0
2020-10-09 11:22:09 INFO  max temp for today: 25.8
2020-10-09 11:22:09 INFO  min temp for today: 17.7
2020-10-09 11:22:09 INFO  wind direction: E
2020-10-09 11:22:09 INFO  weather type: 2
2020-10-09 11:22:09 INFO  classified wind speed: 1
2020-10-09 11:22:09 INFO  longitude: -28.5237
2020-10-09 11:22:09 INFO  latitude: 38.5325
2020-10-09 11:22:09 INFO  precipitation probability: 2.0
2020-10-09 11:22:09 INFO  max temp for today: 24.3
2020-10-09 11:22:09 INFO  min temp for today: 17.4
2020-10-09 11:22:09 INFO  wind direction: E
2020-10-09 11:22:09 INFO  weather type: 7
2020-10-09 11:22:09 INFO  classified wind speed: 1
2020-10-09 11:22:09 INFO  longitude: -28.5237
2020-10-09 11:22:09 INFO  latitude: 38.5325
2020-10-09 11:22:09 INFO  precipitation probability: 47.0
2020-10-09 11:22:09 INFO  max temp for today: 23.5
2020-10-09 11:22:09 INFO  min temp for today: 16.8
2020-10-09 11:22:09 INFO  wind direction: E
2020-10-09 11:22:09 INFO  weather type: 3
2020-10-09 11:22:09 INFO  classified wind speed: 2
2020-10-09 11:22:09 INFO  longitude: -28.5237
2020-10-09 11:22:09 INFO  latitude: 38.5325
2020-10-09 11:22:09 INFO  precipitation probability: 55.0
2020-10-09 11:22:09 INFO  max temp for today: 23.8
2020-10-09 11:22:09 INFO  min temp for today: 17.0
2020-10-09 11:22:09 INFO  wind direction: E
2020-10-09 11:22:09 INFO  weather type: 3
2020-10-09 11:22:09 INFO  classified wind speed: 1
2020-10-09 11:22:09 INFO  longitude: -28.5237
2020-10-09 11:22:09 INFO  latitude: 38.5325
2020-10-09 11:22:09 INFO  precipitation probability: 42.0
